#
# There is insufficient memory for the Java Runtime Environment to continue.
# Native memory allocation (malloc) failed to allocate 116272 bytes for Chunk::new
# Possible reasons:
#   The system is out of physical RAM or swap space
# Possible solutions:
#   Reduce memory load on the system
#   Increase physical memory or swap space
#   Check if swap backing store is full
#   Decrease Java heap size (-Xmx/-Xms)
#   Decrease number of Java threads
#   Decrease Java thread stack sizes (-Xss)
#   Set larger code cache with -XX:ReservedCodeCacheSize=
# This output file may be truncated or incomplete.
#
#  Out of Memory Error (allocation.cpp:390), pid=4300, tid=0x0000000000004a34
#
# JRE version: Java(TM) SE Runtime Environment (8.0_201-b09) (build 1.8.0_201-b09)
# Java VM: Java HotSpot(TM) 64-Bit Server VM (25.201-b09 mixed mode windows-amd64 )
# Failed to write core dump. Minidumps are not enabled by default on client versions of Windows
#

---------------  T H R E A D  ---------------

Current thread (0x000000002a9a9000):  JavaThread "C2 CompilerThread3" daemon [_thread_in_native, id=18996, stack(0x000000002c8e0000,0x000000002c9e0000)]

Stack: [0x000000002c8e0000,0x000000002c9e0000]
[error occurred during error reporting (printing stack bounds), id 0xc0000005]

Native frames: (J=compiled Java code, j=interpreted, Vv=VM code, C=native code)


Current CompileTask:
C2:2240142 2714  s!   4       sun.security.ssl.AppInputStream::read (129 bytes)


---------------  P R O C E S S  ---------------

Java Threads: ( => current thread )
  0x000000002d795800 JavaThread "mysql-cj-abandoned-connection-cleanup" daemon [_thread_blocked, id=1608, stack(0x000000002dde0000,0x000000002dee0000)]
  0x000000002ab1d000 JavaThread "Abandoned connection cleanup thread" daemon [_thread_blocked, id=10492, stack(0x000000002d4e0000,0x000000002d5e0000)]
  0x000000002aa48000 JavaThread "Service Thread" daemon [_thread_blocked, id=11380, stack(0x000000002d2e0000,0x000000002d3e0000)]
  0x000000002a9ea800 JavaThread "C1 CompilerThread11" daemon [_thread_blocked, id=7900, stack(0x000000002d0e0000,0x000000002d1e0000)]
  0x000000002a9ed800 JavaThread "C1 CompilerThread10" daemon [_thread_blocked, id=16288, stack(0x000000002cfe0000,0x000000002d0e0000)]
  0x000000002a9ec800 JavaThread "C1 CompilerThread9" daemon [_thread_blocked, id=5696, stack(0x000000002cee0000,0x000000002cfe0000)]
  0x000000002a9ec000 JavaThread "C1 CompilerThread8" daemon [_thread_blocked, id=10360, stack(0x000000002cde0000,0x000000002cee0000)]
  0x000000002a9c2800 JavaThread "C2 CompilerThread7" daemon [_thread_blocked, id=20188, stack(0x000000002cce0000,0x000000002cde0000)]
  0x000000002a9b5800 JavaThread "C2 CompilerThread6" daemon [_thread_blocked, id=2216, stack(0x000000002cbe0000,0x000000002cce0000)]
  0x000000002a9b0800 JavaThread "C2 CompilerThread5" daemon [_thread_blocked, id=13520, stack(0x000000002cae0000,0x000000002cbe0000)]
  0x000000002a9ad000 JavaThread "C2 CompilerThread4" daemon [_thread_blocked, id=14648, stack(0x000000002c9e0000,0x000000002cae0000)]
=>0x000000002a9a9000 JavaThread "C2 CompilerThread3" daemon [_thread_in_native, id=18996, stack(0x000000002c8e0000,0x000000002c9e0000)]
  0x000000002a9a6000 JavaThread "C2 CompilerThread2" daemon [_thread_blocked, id=3028, stack(0x000000002c7e0000,0x000000002c8e0000)]
  0x000000002a9a5800 JavaThread "C2 CompilerThread1" daemon [_thread_blocked, id=13660, stack(0x000000002c6e0000,0x000000002c7e0000)]
  0x000000002a9a3800 JavaThread "C2 CompilerThread0" daemon [_thread_blocked, id=8228, stack(0x000000002c5e0000,0x000000002c6e0000)]
  0x000000002a9a2800 JavaThread "Attach Listener" daemon [_thread_blocked, id=14296, stack(0x000000002c4e0000,0x000000002c5e0000)]
  0x000000002a99f800 JavaThread "Signal Dispatcher" daemon [_thread_blocked, id=19088, stack(0x000000002c3e0000,0x000000002c4e0000)]
  0x0000000028f34800 JavaThread "Finalizer" daemon [_thread_blocked, id=19648, stack(0x000000002c1e0000,0x000000002c2e0000)]
  0x000000002a986000 JavaThread "Reference Handler" daemon [_thread_blocked, id=12968, stack(0x000000002c0e0000,0x000000002c1e0000)]
  0x0000000002912800 JavaThread "main" [_thread_in_native, id=17768, stack(0x0000000002810000,0x0000000002910000)]

Other Threads:
  0x000000002a964800 VMThread [stack: 0x000000002bfe0000,0x000000002c0e0000] [id=17312]
  0x000000002aaa3000 WatcherThread [stack: 0x000000002d3e0000,0x000000002d4e0000] [id=16940]

VM state:not at safepoint (normal execution)

VM Mutex/Monitor currently owned by a thread: None

Heap:
 PSYoungGen      total 4777472K, used 2771811K [0x0000000b2ab00000, 0x0000000c57c00000, 0x0000001080000000)
  eden space 4717568K, 58% used [0x0000000b2ab00000,0x0000000bd3dd8e20,0x0000000c4aa00000)
  from space 59904K, 0% used [0x0000000c50700000,0x0000000c50700000,0x0000000c54180000)
  to   space 45056K, 0% used [0x0000000c55000000,0x0000000c55000000,0x0000000c57c00000)
 ParOldGen       total 966656K, used 966655K [0x0000000080000000, 0x00000000bb000000, 0x0000000b2ab00000)
  object space 966656K, 99% used [0x0000000080000000,0x00000000bafffe20,0x00000000bb000000)
 Metaspace       used 14887K, capacity 15303K, committed 15616K, reserved 16384K

Card table byte_map: [0x0000000011dd0000,0x0000000019de0000] byte_map_base: 0x00000000119d0000

Marking Bits: (ParMarkBitMap*) 0x0000000066c74ce0
 Begin Bits: [0x0000001080000000, 0x00000010c0000000)
 End Bits:   [0x00000010c0000000, 0x0000001100000000)

Polling page: 0x0000000000e60000

CodeCache: size=245760Kb used=10462Kb max_used=10488Kb free=235297Kb
 bounds [0x0000000002a10000, 0x0000000003460000, 0x0000000011a10000]
 total_blobs=2827 nmethods=2379 adapters=357
 compilation: enabled

Compilation events (10 events):
Event: 2093.792 Thread 0x000000002a9ad000 nmethod 2709 0x0000000002ff5c50 code [0x0000000002ff5d80, 0x0000000002ff5df8]
Event: 2115.609 Thread 0x000000002a9c2800 2710       4       java.util.Calendar::<init> (59 bytes)
Event: 2115.609 Thread 0x000000002a9a9000 2711       4       java.util.Calendar$Builder::build (635 bytes)
Event: 2115.614 Thread 0x000000002a9c2800 nmethod 2710 0x0000000003442450 code [0x00000000034425c0, 0x0000000003442b48]
Event: 2115.630 Thread 0x000000002a9a9000 nmethod 2711 0x0000000003449a50 code [0x0000000003449c60, 0x000000000344ac68]
Event: 2177.722 Thread 0x000000002a9b0800 2712       4       sun.misc.URLClassPath$JarLoader::findResource (18 bytes)
Event: 2177.722 Thread 0x000000002a9b0800 nmethod 2712 0x0000000002f25850 code [0x0000000002f259a0, 0x0000000002f25a28]
Event: 2214.460 Thread 0x000000002a9b0800 2713       4       java.util.Formatter$FormatSpecifier::print (1536 bytes)
Event: 2214.645 Thread 0x000000002a9b0800 nmethod 2713 0x0000000003452010 code [0x00000000034529e0, 0x0000000003458018]
Event: 2240.133 Thread 0x000000002a9a9000 2714  s!   4       sun.security.ssl.AppInputStream::read (129 bytes)

GC Heap History (10 events):
Event: 158.668 GC heap before
{Heap before GC invocations=37 (full 2):
 PSYoungGen      total 4777472K, used 55224K [0x0000000b2ab00000, 0x0000000c57c00000, 0x0000001080000000)
  eden space 4717568K, 0% used [0x0000000b2ab00000,0x0000000b2ab00000,0x0000000c4aa00000)
  from space 59904K, 92% used [0x0000000c50700000,0x0000000c53cee010,0x0000000c54180000)
  to   space 45056K, 0% used [0x0000000c55000000,0x0000000c55000000,0x0000000c57c00000)
 ParOldGen       total 966656K, used 916567K [0x0000000080000000, 0x00000000bb000000, 0x0000000b2ab00000)
  object space 966656K, 94% used [0x0000000080000000,0x00000000b7f15c90,0x00000000bb000000)
 Metaspace       used 14466K, capacity 14855K, committed 15104K, reserved 16384K
Event: 159.746 GC heap after
Heap after GC invocations=37 (full 2):
 PSYoungGen      total 4777472K, used 0K [0x0000000b2ab00000, 0x0000000c57c00000, 0x0000001080000000)
  eden space 4717568K, 0% used [0x0000000b2ab00000,0x0000000b2ab00000,0x0000000c4aa00000)
  from space 59904K, 0% used [0x0000000c50700000,0x0000000c50700000,0x0000000c54180000)
  to   space 45056K, 0% used [0x0000000c55000000,0x0000000c55000000,0x0000000c57c00000)
 ParOldGen       total 966656K, used 952603K [0x0000000080000000, 0x00000000bb000000, 0x0000000b2ab00000)
  object space 966656K, 98% used [0x0000000080000000,0x00000000ba246c50,0x00000000bb000000)
 Metaspace       used 14466K, capacity 14855K, committed 15104K, reserved 16384K
}
Event: 173.545 GC heap before
{Heap before GC invocations=38 (full 3):
 PSYoungGen      total 4777472K, used 4717568K [0x0000000b2ab00000, 0x0000000c57c00000, 0x0000001080000000)
  eden space 4717568K, 100% used [0x0000000b2ab00000,0x0000000c4aa00000,0x0000000c4aa00000)
  from space 59904K, 0% used [0x0000000c50700000,0x0000000c50700000,0x0000000c54180000)
  to   space 45056K, 0% used [0x0000000c55000000,0x0000000c55000000,0x0000000c57c00000)
 ParOldGen       total 966656K, used 952603K [0x0000000080000000, 0x00000000bb000000, 0x0000000b2ab00000)
  object space 966656K, 98% used [0x0000000080000000,0x00000000ba246c50,0x00000000bb000000)
 Metaspace       used 14466K, capacity 14855K, committed 15104K, reserved 16384K
Event: 175.246 GC heap after
Heap after GC invocations=38 (full 3):
 PSYoungGen      total 4777472K, used 31034K [0x0000000b2ab00000, 0x0000000c57c00000, 0x0000001080000000)
  eden space 4717568K, 0% used [0x0000000b2ab00000,0x0000000b2c94e9f0,0x0000000c4aa00000)
  from space 59904K, 0% used [0x0000000c50700000,0x0000000c50700000,0x0000000c54180000)
  to   space 45056K, 0% used [0x0000000c55000000,0x0000000c55000000,0x0000000c57c00000)
 ParOldGen       total 966656K, used 966655K [0x0000000080000000, 0x00000000bb000000, 0x0000000b2ab00000)
  object space 966656K, 99% used [0x0000000080000000,0x00000000bafffe20,0x00000000bb000000)
 Metaspace       used 14466K, capacity 14855K, committed 15104K, reserved 16384K
}
Event: 188.409 GC heap before
{Heap before GC invocations=39 (full 4):
 PSYoungGen      total 4777472K, used 4717568K [0x0000000b2ab00000, 0x0000000c57c00000, 0x0000001080000000)
  eden space 4717568K, 100% used [0x0000000b2ab00000,0x0000000c4aa00000,0x0000000c4aa00000)
  from space 59904K, 0% used [0x0000000c50700000,0x0000000c50700000,0x0000000c54180000)
  to   space 45056K, 0% used [0x0000000c55000000,0x0000000c55000000,0x0000000c57c00000)
 ParOldGen       total 966656K, used 966655K [0x0000000080000000, 0x00000000bb000000, 0x0000000b2ab00000)
  object space 966656K, 99% used [0x0000000080000000,0x00000000bafffe20,0x00000000bb000000)
 Metaspace       used 14466K, capacity 14855K, committed 15104K, reserved 16384K
Event: 189.250 GC heap after
Heap after GC invocations=39 (full 4):
 PSYoungGen      total 4777472K, used 75843K [0x0000000b2ab00000, 0x0000000c57c00000, 0x0000001080000000)
  eden space 4717568K, 1% used [0x0000000b2ab00000,0x0000000b2f510ff8,0x0000000c4aa00000)
  from space 59904K, 0% used [0x0000000c50700000,0x0000000c50700000,0x0000000c54180000)
  to   space 45056K, 0% used [0x0000000c55000000,0x0000000c55000000,0x0000000c57c00000)
 ParOldGen       total 966656K, used 966655K [0x0000000080000000, 0x00000000bb000000, 0x0000000b2ab00000)
  object space 966656K, 99% used [0x0000000080000000,0x00000000bafffe20,0x00000000bb000000)
 Metaspace       used 14466K, capacity 14855K, committed 15104K, reserved 16384K
}
Event: 201.972 GC heap before
{Heap before GC invocations=40 (full 5):
 PSYoungGen      total 4777472K, used 4717568K [0x0000000b2ab00000, 0x0000000c57c00000, 0x0000001080000000)
  eden space 4717568K, 100% used [0x0000000b2ab00000,0x0000000c4aa00000,0x0000000c4aa00000)
  from space 59904K, 0% used [0x0000000c50700000,0x0000000c50700000,0x0000000c54180000)
  to   space 45056K, 0% used [0x0000000c55000000,0x0000000c55000000,0x0000000c57c00000)
 ParOldGen       total 966656K, used 966655K [0x0000000080000000, 0x00000000bb000000, 0x0000000b2ab00000)
  object space 966656K, 99% used [0x0000000080000000,0x00000000bafffe20,0x00000000bb000000)
 Metaspace       used 14466K, capacity 14855K, committed 15104K, reserved 16384K
Event: 202.952 GC heap after
Heap after GC invocations=40 (full 5):
 PSYoungGen      total 4777472K, used 120261K [0x0000000b2ab00000, 0x0000000c57c00000, 0x0000001080000000)
  eden space 4717568K, 2% used [0x0000000b2ab00000,0x0000000b320716e0,0x0000000c4aa00000)
  from space 59904K, 0% used [0x0000000c50700000,0x0000000c50700000,0x0000000c54180000)
  to   space 45056K, 0% used [0x0000000c55000000,0x0000000c55000000,0x0000000c57c00000)
 ParOldGen       total 966656K, used 966655K [0x0000000080000000, 0x00000000bb000000, 0x0000000b2ab00000)
  object space 966656K, 99% used [0x0000000080000000,0x00000000bafffe20,0x00000000bb000000)
 Metaspace       used 14466K, capacity 14855K, committed 15104K, reserved 16384K
}
Event: 215.150 GC heap before
{Heap before GC invocations=41 (full 6):
 PSYoungGen      total 4777472K, used 4717568K [0x0000000b2ab00000, 0x0000000c57c00000, 0x0000001080000000)
  eden space 4717568K, 100% used [0x0000000b2ab00000,0x0000000c4aa00000,0x0000000c4aa00000)
  from space 59904K, 0% used [0x0000000c50700000,0x0000000c50700000,0x0000000c54180000)
  to   space 45056K, 0% used [0x0000000c55000000,0x0000000c55000000,0x0000000c57c00000)
 ParOldGen       total 966656K, used 966655K [0x0000000080000000, 0x00000000bb000000, 0x0000000b2ab00000)
  object space 966656K, 99% used [0x0000000080000000,0x00000000bafffe20,0x00000000bb000000)
 Metaspace       used 14466K, capacity 14855K, committed 15104K, reserved 16384K
Event: 216.068 GC heap after
Heap after GC invocations=41 (full 6):
 PSYoungGen      total 4777472K, used 164219K [0x0000000b2ab00000, 0x0000000c57c00000, 0x0000001080000000)
  eden space 4717568K, 3% used [0x0000000b2ab00000,0x0000000b34b5ee98,0x0000000c4aa00000)
  from space 59904K, 0% used [0x0000000c50700000,0x0000000c50700000,0x0000000c54180000)
  to   space 45056K, 0% used [0x0000000c55000000,0x0000000c55000000,0x0000000c57c00000)
 ParOldGen       total 966656K, used 966655K [0x0000000080000000, 0x00000000bb000000, 0x0000000b2ab00000)
  object space 966656K, 99% used [0x0000000080000000,0x00000000bafffe20,0x00000000bb000000)
 Metaspace       used 14466K, capacity 14855K, committed 15104K, reserved 16384K
}

Deoptimization events (10 events):
Event: 220.787 Thread 0x0000000002912800 Uncommon trap: reason=unstable_if action=reinterpret pc=0x00000000032b7800 method=vm.db.metricSpaceImpl.DBMetricSpacesStorage$MetricObjectFileIterator.nextStreamObject()Ljava/util/AbstractMap$SimpleEntry; @ 9
Event: 220.787 Thread 0x0000000002912800 Uncommon trap: reason=unstable_if action=reinterpret pc=0x0000000003267318 method=vm.db.metricSpaceImpl.DBMetricSpacesStorage$MetricObjectFileIterator.hasNext()Z @ 4
Event: 220.816 Thread 0x0000000002912800 Uncommon trap: reason=predicate action=maybe_recompile pc=0x00000000032b41dc method=vm.datatools.Tools.getObjectsFromIterator(IILjava/util/Iterator;)Ljava/util/List; @ 56
Event: 220.979 Thread 0x0000000002912800 Uncommon trap: reason=uninitialized action=reinterpret pc=0x00000000031ca39c method=vm.search.impl.SimRelSequentialScanKNN.knnSearch(Lvm/metricSpace/AbstractMetricSpace;Ljava/lang/Object;ILjava/util/Iterator;[Ljava/lang/Object;)Ljava/util/TreeSet; @ 21
Event: 220.981 Thread 0x0000000002912800 Uncommon trap: reason=class_check action=maybe_recompile pc=0x00000000031bd318 method=vm.search.impl.SimRelSequentialScanKNN.knnSearch(Lvm/metricSpace/AbstractMetricSpace;Ljava/lang/Object;ILjava/util/Iterator;[Ljava/lang/Object;)Ljava/util/TreeSet; @ 208
Event: 220.982 Thread 0x0000000002912800 Uncommon trap: reason=class_check action=maybe_recompile pc=0x00000000031bd318 method=vm.search.impl.SimRelSequentialScanKNN.knnSearch(Lvm/metricSpace/AbstractMetricSpace;Ljava/lang/Object;ILjava/util/Iterator;[Ljava/lang/Object;)Ljava/util/TreeSet; @ 208
Event: 220.983 Thread 0x0000000002912800 Uncommon trap: reason=class_check action=maybe_recompile pc=0x00000000031bd318 method=vm.search.impl.SimRelSequentialScanKNN.knnSearch(Lvm/metricSpace/AbstractMetricSpace;Ljava/lang/Object;ILjava/util/Iterator;[Ljava/lang/Object;)Ljava/util/TreeSet; @ 208
Event: 220.984 Thread 0x0000000002912800 Uncommon trap: reason=class_check action=maybe_recompile pc=0x00000000031bd318 method=vm.search.impl.SimRelSequentialScanKNN.knnSearch(Lvm/metricSpace/AbstractMetricSpace;Ljava/lang/Object;ILjava/util/Iterator;[Ljava/lang/Object;)Ljava/util/TreeSet; @ 208
Event: 221.372 Thread 0x0000000002912800 Uncommon trap: reason=unstable_if action=reinterpret pc=0x00000000033508fc method=vm.search.impl.SimRelSequentialScanKNN.knnSearch(Lvm/metricSpace/AbstractMetricSpace;Ljava/lang/Object;ILjava/util/Iterator;[Ljava/lang/Object;)Ljava/util/TreeSet; @ 311
Event: 221.800 Thread 0x0000000002912800 Uncommon trap: reason=unstable_if action=reinterpret pc=0x000000000335b724 method=vm.search.impl.SimRelSequentialScanKNN.knnSearch(Lvm/metricSpace/AbstractMetricSpace;Ljava/lang/Object;ILjava/util/Iterator;[Ljava/lang/Object;)Ljava/util/TreeSet; @ 311

Classes redefined (0 events):
No events

Internal exceptions (10 events):
Event: 0.161 Thread 0x0000000002912800 Exception <a 'java/security/PrivilegedActionException'> (0x0000000b2ca3bbb0) thrown at [C:\re\workspace\8-2-build-windows-amd64-cygwin\jdk8u201\12322\hotspot\src\share\vm\prims\jvm.cpp, line 1502]
Event: 0.161 Thread 0x0000000002912800 Exception <a 'java/security/PrivilegedActionException'> (0x0000000b2ca3c130) thrown at [C:\re\workspace\8-2-build-windows-amd64-cygwin\jdk8u201\12322\hotspot\src\share\vm\prims\jvm.cpp, line 1502]
Event: 0.162 Thread 0x0000000002912800 Exception <a 'java/security/PrivilegedActionException'> (0x0000000b2caf0a30) thrown at [C:\re\workspace\8-2-build-windows-amd64-cygwin\jdk8u201\12322\hotspot\src\share\vm\prims\jvm.cpp, line 1502]
Event: 0.162 Thread 0x0000000002912800 Exception <a 'java/security/PrivilegedActionException'> (0x0000000b2caf0fb0) thrown at [C:\re\workspace\8-2-build-windows-amd64-cygwin\jdk8u201\12322\hotspot\src\share\vm\prims\jvm.cpp, line 1502]
Event: 0.164 Thread 0x0000000002912800 Exception <a 'java/security/PrivilegedActionException'> (0x0000000b2cba5190) thrown at [C:\re\workspace\8-2-build-windows-amd64-cygwin\jdk8u201\12322\hotspot\src\share\vm\prims\jvm.cpp, line 1502]
Event: 0.164 Thread 0x0000000002912800 Exception <a 'java/security/PrivilegedActionException'> (0x0000000b2cba5710) thrown at [C:\re\workspace\8-2-build-windows-amd64-cygwin\jdk8u201\12322\hotspot\src\share\vm\prims\jvm.cpp, line 1502]
Event: 0.314 Thread 0x0000000002912800 Exception <a 'java/lang/ClassCastException': java.math.BigInteger cannot be cast to java.lang.Long> (0x0000000b2d1c8388) thrown at [C:\re\workspace\8-2-build-windows-amd64-cygwin\jdk8u201\12322\hotspot\src\share\vm\interpreter\interpreterRuntime.cpp, line
Event: 0.321 Thread 0x0000000002912800 Exception <a 'java/lang/ClassCastException': java.math.BigInteger cannot be cast to java.lang.Long> (0x0000000b2d219de8) thrown at [C:\re\workspace\8-2-build-windows-amd64-cygwin\jdk8u201\12322\hotspot\src\share\vm\interpreter\interpreterRuntime.cpp, line
Event: 2.313 Thread 0x0000000002912800 Exception <a 'java/lang/ClassCastException': java.math.BigInteger cannot be cast to java.lang.Long> (0x0000000b2d26ac48) thrown at [C:\re\workspace\8-2-build-windows-amd64-cygwin\jdk8u201\12322\hotspot\src\share\vm\interpreter\interpreterRuntime.cpp, line
Event: 4.314 Thread 0x0000000002912800 Exception <a 'java/lang/reflect/InvocationTargetException'> (0x0000000b2d29f540) thrown at [C:\re\workspace\8-2-build-windows-amd64-cygwin\jdk8u201\12322\hotspot\src\share\vm\runtime\reflection.cpp, line 1092]

Events (10 events):
Event: 1656.307 Thread 0x000000002a9ed800 flushing nmethod 0x0000000003269f90
Event: 1656.307 Thread 0x000000002a9ed800 flushing nmethod 0x000000000326c350
Event: 1656.307 Thread 0x000000002a9ed800 flushing nmethod 0x000000000326f990
Event: 1656.307 Thread 0x000000002a9ed800 flushing nmethod 0x0000000003271e90
Event: 1656.307 Thread 0x000000002a9ed800 flushing nmethod 0x000000000327a110
Event: 1656.307 Thread 0x000000002a9ed800 flushing nmethod 0x000000000327d3d0
Event: 1656.307 Thread 0x000000002a9ed800 flushing nmethod 0x0000000003280710
Event: 1656.307 Thread 0x000000002a9ed800 flushing nmethod 0x0000000003286f90
Event: 1656.307 Thread 0x000000002a9ed800 flushing nmethod 0x000000000328a190
Event: 1656.307 Thread 0x000000002a9ed800 flushing nmethod 0x00000000032b2e90


Dynamic libraries:
0x00007ff606c80000 - 0x00007ff606cb7000 	C:\Program Files\Java\jdk1.8.0_201\bin\java.exe
0x00007ffad95c0000 - 0x00007ffad97c9000 	C:\WINDOWS\SYSTEM32\ntdll.dll
0x00007ffad7a40000 - 0x00007ffad7afd000 	C:\WINDOWS\System32\KERNEL32.DLL
0x00007ffad6ab0000 - 0x00007ffad6e29000 	C:\WINDOWS\System32\KERNELBASE.dll
0x00007ffad8470000 - 0x00007ffad851e000 	C:\WINDOWS\System32\ADVAPI32.dll
0x00007ffad8b70000 - 0x00007ffad8c13000 	C:\WINDOWS\System32\msvcrt.dll
0x00007ffad83d0000 - 0x00007ffad846e000 	C:\WINDOWS\System32\sechost.dll
0x00007ffad9460000 - 0x00007ffad9580000 	C:\WINDOWS\System32\RPCRT4.dll
0x00007ffad7770000 - 0x00007ffad791c000 	C:\WINDOWS\System32\USER32.dll
0x00007ffad7200000 - 0x00007ffad7226000 	C:\WINDOWS\System32\win32u.dll
0x00007ffad7b00000 - 0x00007ffad7b29000 	C:\WINDOWS\System32\GDI32.dll
0x00007ffad72d0000 - 0x00007ffad73e2000 	C:\WINDOWS\System32\gdi32full.dll
0x00007ffad7230000 - 0x00007ffad72cd000 	C:\WINDOWS\System32\msvcp_win.dll
0x00007ffad6fa0000 - 0x00007ffad70b1000 	C:\WINDOWS\System32\ucrtbase.dll
0x00007ffab3f70000 - 0x00007ffab4215000 	C:\WINDOWS\WinSxS\amd64_microsoft.windows.common-controls_6595b64144ccf1df_6.0.22000.120_none_9d947278b86cc467\COMCTL32.dll
0x00007ffad7a00000 - 0x00007ffad7a31000 	C:\WINDOWS\System32\IMM32.DLL
0x0000000067270000 - 0x0000000067341000 	C:\Program Files\Java\jdk1.8.0_201\jre\bin\msvcr100.dll
0x0000000066450000 - 0x0000000066cf4000 	C:\Program Files\Java\jdk1.8.0_201\jre\bin\server\jvm.dll
0x00007ffad7460000 - 0x00007ffad7468000 	C:\WINDOWS\System32\PSAPI.DLL
0x00007ffacf5e0000 - 0x00007ffacf613000 	C:\WINDOWS\SYSTEM32\WINMM.dll
0x00007ffad0230000 - 0x00007ffad023a000 	C:\WINDOWS\SYSTEM32\VERSION.dll
0x00007ffacecd0000 - 0x00007ffacecd9000 	C:\WINDOWS\SYSTEM32\WSOCK32.dll
0x00007ffad93f0000 - 0x00007ffad945f000 	C:\WINDOWS\System32\WS2_32.dll
0x00007ffad3c10000 - 0x00007ffad3c1f000 	C:\Program Files\Java\jdk1.8.0_201\jre\bin\verify.dll
0x00007ffad2640000 - 0x00007ffad2669000 	C:\Program Files\Java\jdk1.8.0_201\jre\bin\java.dll
0x00007ffac2fc0000 - 0x00007ffac2fd6000 	C:\Program Files\Java\jdk1.8.0_201\jre\bin\zip.dll
0x00007ffad7b30000 - 0x00007ffad82df000 	C:\WINDOWS\System32\SHELL32.dll
0x00007ffad4bf0000 - 0x00007ffad5458000 	C:\WINDOWS\SYSTEM32\windows.storage.dll
0x00007ffad8dd0000 - 0x00007ffad9148000 	C:\WINDOWS\System32\combase.dll
0x00007ffad4a80000 - 0x00007ffad4be6000 	C:\WINDOWS\SYSTEM32\wintypes.dll
0x00007ffad82e0000 - 0x00007ffad83ca000 	C:\WINDOWS\System32\SHCORE.dll
0x00007ffad76b0000 - 0x00007ffad770d000 	C:\WINDOWS\System32\shlwapi.dll
0x00007ffad69e0000 - 0x00007ffad6a01000 	C:\WINDOWS\SYSTEM32\profapi.dll
0x00007ffabd6b0000 - 0x00007ffabd6ca000 	C:\Program Files\Java\jdk1.8.0_201\jre\bin\net.dll
0x00007ffacfef0000 - 0x00007ffad00df000 	C:\WINDOWS\SYSTEM32\urlmon.dll
0x00007ffacfb40000 - 0x00007ffacfdf3000 	C:\WINDOWS\SYSTEM32\iertutil.dll
0x00007ffad56a0000 - 0x00007ffad56ac000 	C:\WINDOWS\SYSTEM32\netutils.dll
0x00007ffacfe00000 - 0x00007ffacfe28000 	C:\WINDOWS\SYSTEM32\srvcli.dll
0x00007ffad60d0000 - 0x00007ffad6137000 	C:\WINDOWS\system32\mswsock.dll
0x00007ffabb1b0000 - 0x00007ffabb1d4000 	C:\Program Files\Java\jdk1.8.0_201\jre\bin\sunec.dll
0x00007ffad5720000 - 0x00007ffad574d000 	C:\WINDOWS\SYSTEM32\IPHLPAPI.DLL
0x00007ffad8520000 - 0x00007ffad8529000 	C:\WINDOWS\System32\NSI.dll
0x00007ffacf620000 - 0x00007ffacf639000 	C:\WINDOWS\SYSTEM32\dhcpcsvc6.DLL
0x00007ffacf7d0000 - 0x00007ffacf7ee000 	C:\WINDOWS\SYSTEM32\dhcpcsvc.DLL
0x00007ffad5790000 - 0x00007ffad5878000 	C:\WINDOWS\SYSTEM32\DNSAPI.dll
0x00007ffabd0f0000 - 0x00007ffabd101000 	C:\Program Files\Java\jdk1.8.0_201\jre\bin\nio.dll
0x00007ffad6310000 - 0x00007ffad6328000 	C:\WINDOWS\SYSTEM32\CRYPTSP.dll
0x00007ffad5c00000 - 0x00007ffad5c35000 	C:\WINDOWS\system32\rsaenh.dll
0x00007ffad61c0000 - 0x00007ffad61e9000 	C:\WINDOWS\SYSTEM32\USERENV.dll
0x00007ffad6490000 - 0x00007ffad64b7000 	C:\WINDOWS\SYSTEM32\bcrypt.dll
0x00007ffad7180000 - 0x00007ffad71ff000 	C:\WINDOWS\System32\bcryptprimitives.dll
0x00007ffad6330000 - 0x00007ffad633c000 	C:\WINDOWS\SYSTEM32\CRYPTBASE.dll
0x00007ffad3ca0000 - 0x00007ffad3cab000 	C:\Program Files\Java\jdk1.8.0_201\jre\bin\sunmscapi.dll
0x00007ffad6e30000 - 0x00007ffad6f92000 	C:\WINDOWS\System32\CRYPT32.dll

VM Arguments:
jvm_args: -Xmx64g 
java_command: vm.vmtrials.simRelEuclidSpace.EvaluateSimRelKNNWithPrinting
java_class_path (initial): C:\Users\Vlada\Documents\NetBeansProjects\VMTrials\target\classes;C:\Users\Vlada\Documents\NetBeansProjects\VMDBMetricSpace\target\classes;C:\Users\Vlada\.m2\repository\com\mysql\jdbc\Driver\1.0\Driver-1.0.jar;C:\Users\Vlada\.m2\repository\mysql\mysql-connector-java\8.0.17\mysql-connector-java-8.0.17.jar;C:\Users\Vlada\.m2\repository\com\google\protobuf\protobuf-java\3.6.1\protobuf-java-3.6.1.jar;C:\Users\Vlada\Documents\NetBeansProjects\VMMetricSpaceTechniquesImpl\target\classes;C:\Users\Vlada\Documents\NetBeansProjects\VMGenericTools\target\classes;C:\Users\Vlada\.m2\repository\org\apache\commons\commons-math3\3.1.1\commons-math3-3.1.1.jar
Launcher Type: SUN_STANDARD

Environment Variables:
JAVA_HOME=C:\Program Files\Java\jdk1.8.0_201
PATH=C:\Program Files (x86)\Common Files\Oracle\Java\javapath;C:\Windows\system32;C:\Windows;C:\Windows\System32\Wbem;C:\Windows\System32\WindowsPowerShell\v1.0\;C:\Windows\System32\OpenSSH\;C:\Program Files (x86)\Intel\Intel(R) Management Engine Components\DAL;C:\Program Files\Intel\Intel(R) Management Engine Components\DAL;C:\Program Files\NVIDIA Corporation\NVIDIA NGX;C:\Program Files (x86)\NVIDIA Corporation\PhysX\Common;C:\Program Files\NVIDIA Corporation\NVIDIA NvDLISR;C:\Program Files (x86)\Windows Live\Shared;C:\Program Files (x86)\AOMEI Backupper;C:\WINDOWS\system32;C:\WINDOWS;C:\WINDOWS\System32\Wbem;C:\WINDOWS\System32\WindowsPowerShell\v1.0\;C:\WINDOWS\System32\OpenSSH\;C:\Program Files\MiKTeX 2.9\miktex\bin\x64\;C:\Program Files\PuTTY\;C:\Program Files\dotnet\;C:\Program Files\Microsoft SQL Server\130\Tools\Binn\;C:\Program Files\Microsoft SQL Server\Client SDK\ODBC\170\Tools\Binn\;C:\Program Files (x86)\dotnet\;C:\Program Files\MySQL\MySQL Shell 8.0\bin\;C:\Users\Vlada\AppData\Local\Microsoft\WindowsApps;C:\Users\Vlada\AppData\Local\GitHubDesktop\bin;C:\Users\Vlada\.dotnet\tools;C:\PHP;
USERNAME=Vlada
OS=Windows_NT
PROCESSOR_IDENTIFIER=Intel64 Family 6 Model 158 Stepping 12, GenuineIntel



---------------  S Y S T E M  ---------------

OS: Windows 10.0 , 64 bit Build 22000 (10.0.22000.675)

CPU:total 16 (initial active 16) (8 cores per cpu, 2 threads per core) family 6 model 158 stepping 12, cmov, cx8, fxsr, mmx, sse, sse2, sse3, ssse3, sse4.1, sse4.2, popcnt, avx, avx2, aes, clmul, erms, rtm, 3dnowpref, lzcnt, ht, tsc, tscinvbit, bmi1, bmi2, adx

Memory: 4k page, physical 67007528k(7066336k free), swap 127903140k(5128k free)

vm_info: Java HotSpot(TM) 64-Bit Server VM (25.201-b09) for windows-amd64 JRE (1.8.0_201-b09), built on Dec 15 2018 18:36:39 by "java_re" with MS VC++ 10.0 (VS2010)

time: Thu May 12 18:23:58 2022
timezone: Støední Evropa (letní èas)
elapsed time: 2240 seconds (0d 0h 37m 20s)

